[2023-05-25 16:12:47] local.ERROR: SQLSTATE[HY000] [2002] No such file or directory (SQL: select * from `languages` where `status` = 1) {"exception":"[object] (Illuminate\\Database\\QueryException(code: 2002): SQLSTATE[HY000] [2002] No such file or directory (SQL: select * from `languages` where `status` = 1) at /Users/daophuong/Documents/Vlance/vlance_cuongphat/vendor/laravel/framework/src/Illuminate/Database/Connection.php:712)
[stacktrace]
#0 /Users/daophuong/Documents/Vlance/vlance_cuongphat/vendor/laravel/framework/src/Illuminate/Database/Connection.php(672): Illuminate\\Database\\Connection->runQueryCallback('select * from `...', Array, Object(Closure))
#1 /Users/daophuong/Documents/Vlance/vlance_cuongphat/vendor/laravel/framework/src/Illuminate/Database/Connection.php(376): Illuminate\\Database\\Connection->run('select * from `...', Array, Object(Closure))
#2 /Users/daophuong/Documents/Vlance/vlance_cuongphat/vendor/laravel/framework/src/Illuminate/Database/Query/Builder.php(2414): Illuminate\\Database\\Connection->select('select * from `...', Array, true)
#3 /Users/daophuong/Documents/Vlance/vlance_cuongphat/vendor/laravel/framework/src/Illuminate/Database/Query/Builder.php(2402): Illuminate\\Database\\Query\\Builder->runSelect()
#4 /Users/daophuong/Documents/Vlance/vlance_cuongphat/vendor/laravel/framework/src/Illuminate/Database/Query/Builder.php(2936): Illuminate\\Database\\Query\\Builder->Illuminate\\Database\\Query\\{closure}()
#5 /Users/daophuong/Documents/Vlance/vlance_cuongphat/vendor/laravel/framework/src/Illuminate/Database/Query/Builder.php(2403): Illuminate\\Database\\Query\\Builder->onceWithColumns(Array, Object(Closure))
#6 /Users/daophuong/Documents/Vlance/vlance_cuongphat/vendor/laravel/framework/src/Illuminate/Database/Eloquent/Builder.php(625): Illuminate\\Database\\Query\\Builder->get(Array)
#7 /Users/daophuong/Documents/Vlance/vlance_cuongphat/vendor/laravel/framework/src/Illuminate/Database/Eloquent/Builder.php(609): Illuminate\\Database\\Eloquent\\Builder->getModels(Array)
#8 /Users/daophuong/Documents/Vlance/vlance_cuongphat/app/Helpers/Helpers.php(999): Illuminate\\Database\\Eloquent\\Builder->get()
#9 /Users/daophuong/Documents/Vlance/vlance_cuongphat/app/Providers/AppServiceProvider.php(20): app_config()
#10 /Users/daophuong/Documents/Vlance/vlance_cuongphat/vendor/laravel/framework/src/Illuminate/Container/BoundMethod.php(36): App\\Providers\\AppServiceProvider->boot()
#11 /Users/daophuong/Documents/Vlance/vlance_cuongphat/vendor/laravel/framework/src/Illuminate/Container/Util.php(40): Illuminate\\Container\\BoundMethod::Illuminate\\Container\\{closure}()
#12 /Users/daophuong/Documents/Vlance/vlance_cuongphat/vendor/laravel/framework/src/Illuminate/Container/BoundMethod.php(93): Illuminate\\Container\\Util::unwrapIfClosure(Object(Closure))
#13 /Users/daophuong/Documents/Vlance/vlance_cuongphat/vendor/laravel/framework/src/Illuminate/Container/BoundMethod.php(37): Illuminate\\Container\\BoundMethod::callBoundMethod(Object(Illuminate\\Foundation\\Application), Array, Object(Closure))
#14 /Users/daophuong/Documents/Vlance/vlance_cuongphat/vendor/laravel/framework/src/Illuminate/Container/Container.php(653): Illuminate\\Container\\BoundMethod::call(Object(Illuminate\\Foundation\\Application), Array, Array, NULL)
#15 /Users/daophuong/Documents/Vlance/vlance_cuongphat/vendor/laravel/framework/src/Illuminate/Foundation/Application.php(924): Illuminate\\Container\\Container->call(Array)
#16 /Users/daophuong/Documents/Vlance/vlance_cuongphat/vendor/laravel/framework/src/Illuminate/Foundation/Application.php(905): Illuminate\\Foundation\\Application->bootProvider(Object(App\\Providers\\AppServiceProvider))
#17 [internal function]: Illuminate\\Foundation\\Application->Illuminate\\Foundation\\{closure}(Object(App\\Providers\\AppServiceProvider), 37)
#18 /Users/daophuong/Documents/Vlance/vlance_cuongphat/vendor/laravel/framework/src/Illuminate/Foundation/Application.php(906): array_walk(Array, Object(Closure))
#19 /Users/daophuong/Documents/Vlance/vlance_cuongphat/vendor/laravel/framework/src/Illuminate/Foundation/Bootstrap/BootProviders.php(17): Illuminate\\Foundation\\Application->boot()
#20 /Users/daophuong/Documents/Vlance/vlance_cuongphat/vendor/laravel/framework/src/Illuminate/Foundation/Application.php(237): Illuminate\\Foundation\\Bootstrap\\BootProviders->bootstrap(Object(Illuminate\\Foundation\\Application))
#21 /Users/daophuong/Documents/Vlance/vlance_cuongphat/vendor/laravel/framework/src/Illuminate/Foundation/Http/Kernel.php(153): Illuminate\\Foundation\\Application->bootstrapWith(Array)
#22 /Users/daophuong/Documents/Vlance/vlance_cuongphat/vendor/laravel/framework/src/Illuminate/Foundation/Http/Kernel.php(137): Illuminate\\Foundation\\Http\\Kernel->bootstrap()
#23 /Users/daophuong/Documents/Vlance/vlance_cuongphat/vendor/laravel/framework/src/Illuminate/Foundation/Http/Kernel.php(111): Illuminate\\Foundation\\Http\\Kernel->sendRequestThroughRouter(Object(Illuminate\\Http\\Request))
#24 /Users/daophuong/Documents/Vlance/vlance_cuongphat/public/index.php(56): Illuminate\\Foundation\\Http\\Kernel->handle(Object(Illuminate\\Http\\Request))
#25 /Users/daophuong/Documents/Vlance/vlance_cuongphat/server.php(21): require_once('/Users/daophuon...')
#26 {main}

[previous exception] [object] (PDOException(code: 2002): SQLSTATE[HY000] [2002] No such file or directory at /Users/daophuong/Documents/Vlance/vlance_cuongphat/vendor/laravel/framework/src/Illuminate/Database/Connectors/Connector.php:70)
[stacktrace]
#0 /Users/daophuong/Documents/Vlance/vlance_cuongphat/vendor/laravel/framework/src/Illuminate/Database/Connectors/Connector.php(70): PDO->__construct('mysql:host=loca...', 'root', '', Array)
#1 /Users/daophuong/Documents/Vlance/vlance_cuongphat/vendor/laravel/framework/src/Illuminate/Database/Connectors/Connector.php(46): Illuminate\\Database\\Connectors\\Connector->createPdoConnection('mysql:host=loca...', 'root', '', Array)
#2 /Users/daophuong/Documents/Vlance/vlance_cuongphat/vendor/laravel/framework/src/Illuminate/Database/Connectors/MySqlConnector.php(24): Illuminate\\Database\\Connectors\\Connector->createConnection('mysql:host=loca...', Array, Array)
#3 /Users/daophuong/Documents/Vlance/vlance_cuongphat/vendor/laravel/framework/src/Illuminate/Database/Connectors/ConnectionFactory.php(184): Illuminate\\Database\\Connectors\\MySqlConnector->connect(Array)
#4 [internal function]: Illuminate\\Database\\Connectors\\ConnectionFactory->Illuminate\\Database\\Connectors\\{closure}()
#5 /Users/daophuong/Documents/Vlance/vlance_cuongphat/vendor/laravel/framework/src/Illuminate/Database/Connection.php(1064): call_user_func(Object(Closure))
#6 /Users/daophuong/Documents/Vlance/vlance_cuongphat/vendor/laravel/framework/src/Illuminate/Database/Connection.php(1100): Illuminate\\Database\\Connection->getPdo()
#7 /Users/daophuong/Documents/Vlance/vlance_cuongphat/vendor/laravel/framework/src/Illuminate/Database/Connection.php(442): Illuminate\\Database\\Connection->getReadPdo()
#8 /Users/daophuong/Documents/Vlance/vlance_cuongphat/vendor/laravel/framework/src/Illuminate/Database/Connection.php(368): Illuminate\\Database\\Connection->getPdoForSelect(true)
#9 /Users/daophuong/Documents/Vlance/vlance_cuongphat/vendor/laravel/framework/src/Illuminate/Database/Connection.php(705): Illuminate\\Database\\Connection->Illuminate\\Database\\{closure}('select * from `...', Array)
#10 /Users/daophuong/Documents/Vlance/vlance_cuongphat/vendor/laravel/framework/src/Illuminate/Database/Connection.php(672): Illuminate\\Database\\Connection->runQueryCallback('select * from `...', Array, Object(Closure))
#11 /Users/daophuong/Documents/Vlance/vlance_cuongphat/vendor/laravel/framework/src/Illuminate/Database/Connection.php(376): Illuminate\\Database\\Connection->run('select * from `...', Array, Object(Closure))
#12 /Users/daophuong/Documents/Vlance/vlance_cuongphat/vendor/laravel/framework/src/Illuminate/Database/Query/Builder.php(2414): Illuminate\\Database\\Connection->select('select * from `...', Array, true)
#13 /Users/daophuong/Documents/Vlance/vlance_cuongphat/vendor/laravel/framework/src/Illuminate/Database/Query/Builder.php(2402): Illuminate\\Database\\Query\\Builder->runSelect()
#14 /Users/daophuong/Documents/Vlance/vlance_cuongphat/vendor/laravel/framework/src/Illuminate/Database/Query/Builder.php(2936): Illuminate\\Database\\Query\\Builder->Illuminate\\Database\\Query\\{closure}()
#15 /Users/daophuong/Documents/Vlance/vlance_cuongphat/vendor/laravel/framework/src/Illuminate/Database/Query/Builder.php(2403): Illuminate\\Database\\Query\\Builder->onceWithColumns(Array, Object(Closure))
#16 /Users/daophuong/Documents/Vlance/vlance_cuongphat/vendor/laravel/framework/src/Illuminate/Database/Eloquent/Builder.php(625): Illuminate\\Database\\Query\\Builder->get(Array)
#17 /Users/daophuong/Documents/Vlance/vlance_cuongphat/vendor/laravel/framework/src/Illuminate/Database/Eloquent/Builder.php(609): Illuminate\\Database\\Eloquent\\Builder->getModels(Array)
#18 /Users/daophuong/Documents/Vlance/vlance_cuongphat/app/Helpers/Helpers.php(999): Illuminate\\Database\\Eloquent\\Builder->get()
#19 /Users/daophuong/Documents/Vlance/vlance_cuongphat/app/Providers/AppServiceProvider.php(20): app_config()
#20 /Users/daophuong/Documents/Vlance/vlance_cuongphat/vendor/laravel/framework/src/Illuminate/Container/BoundMethod.php(36): App\\Providers\\AppServiceProvider->boot()
#21 /Users/daophuong/Documents/Vlance/vlance_cuongphat/vendor/laravel/framework/src/Illuminate/Container/Util.php(40): Illuminate\\Container\\BoundMethod::Illuminate\\Container\\{closure}()
#22 /Users/daophuong/Documents/Vlance/vlance_cuongphat/vendor/laravel/framework/src/Illuminate/Container/BoundMethod.php(93): Illuminate\\Container\\Util::unwrapIfClosure(Object(Closure))
#23 /Users/daophuong/Documents/Vlance/vlance_cuongphat/vendor/laravel/framework/src/Illuminate/Container/BoundMethod.php(37): Illuminate\\Container\\BoundMethod::callBoundMethod(Object(Illuminate\\Foundation\\Application), Array, Object(Closure))
#24 /Users/daophuong/Documents/Vlance/vlance_cuongphat/vendor/laravel/framework/src/Illuminate/Container/Container.php(653): Illuminate\\Container\\BoundMethod::call(Object(Illuminate\\Foundation\\Application), Array, Array, NULL)
#25 /Users/daophuong/Documents/Vlance/vlance_cuongphat/vendor/laravel/framework/src/Illuminate/Foundation/Application.php(924): Illuminate\\Container\\Container->call(Array)
#26 /Users/daophuong/Documents/Vlance/vlance_cuongphat/vendor/laravel/framework/src/Illuminate/Foundation/Application.php(905): Illuminate\\Foundation\\Application->bootProvider(Object(App\\Providers\\AppServiceProvider))
#27 [internal function]: Illuminate\\Foundation\\Application->Illuminate\\Foundation\\{closure}(Object(App\\Providers\\AppServiceProvider), 37)
#28 /Users/daophuong/Documents/Vlance/vlance_cuongphat/vendor/laravel/framework/src/Illuminate/Foundation/Application.php(906): array_walk(Array, Object(Closure))
#29 /Users/daophuong/Documents/Vlance/vlance_cuongphat/vendor/laravel/framework/src/Illuminate/Foundation/Bootstrap/BootProviders.php(17): Illuminate\\Foundation\\Application->boot()
#30 /Users/daophuong/Documents/Vlance/vlance_cuongphat/vendor/laravel/framework/src/Illuminate/Foundation/Application.php(237): Illuminate\\Foundation\\Bootstrap\\BootProviders->bootstrap(Object(Illuminate\\Foundation\\Application))
#31 /Users/daophuong/Documents/Vlance/vlance_cuongphat/vendor/laravel/framework/src/Illuminate/Foundation/Http/Kernel.php(153): Illuminate\\Foundation\\Application->bootstrapWith(Array)
#32 /Users/daophuong/Documents/Vlance/vlance_cuongphat/vendor/laravel/framework/src/Illuminate/Foundation/Http/Kernel.php(137): Illuminate\\Foundation\\Http\\Kernel->bootstrap()
#33 /Users/daophuong/Documents/Vlance/vlance_cuongphat/vendor/laravel/framework/src/Illuminate/Foundation/Http/Kernel.php(111): Illuminate\\Foundation\\Http\\Kernel->sendRequestThroughRouter(Object(Illuminate\\Http\\Request))
#34 /Users/daophuong/Documents/Vlance/vlance_cuongphat/public/index.php(56): Illuminate\\Foundation\\Http\\Kernel->handle(Object(Illuminate\\Http\\Request))
#35 /Users/daophuong/Documents/Vlance/vlance_cuongphat/server.php(21): require_once('/Users/daophuon...')
#36 {main}
"} 
[2023-05-25 16:12:47] local.ERROR: SQLSTATE[HY000] [2002] No such file or directory (SQL: select * from `languages` where `status` = 1) {"exception":"[object] (Illuminate\\Database\\QueryException(code: 2002): SQLSTATE[HY000] [2002] No such file or directory (SQL: select * from `languages` where `status` = 1) at /Users/daophuong/Documents/Vlance/vlance_cuongphat/vendor/laravel/framework/src/Illuminate/Database/Connection.php:712)
[stacktrace]
#0 /Users/daophuong/Documents/Vlance/vlance_cuongphat/vendor/laravel/framework/src/Illuminate/Database/Connection.php(672): Illuminate\\Database\\Connection->runQueryCallback('select * from `...', Array, Object(Closure))
#1 /Users/daophuong/Documents/Vlance/vlance_cuongphat/vendor/laravel/framework/src/Illuminate/Database/Connection.php(376): Illuminate\\Database\\Connection->run('select * from `...', Array, Object(Closure))
#2 /Users/daophuong/Documents/Vlance/vlance_cuongphat/vendor/laravel/framework/src/Illuminate/Database/Query/Builder.php(2414): Illuminate\\Database\\Connection->select('select * from `...', Array, true)
#3 /Users/daophuong/Documents/Vlance/vlance_cuongphat/vendor/laravel/framework/src/Illuminate/Database/Query/Builder.php(2402): Illuminate\\Database\\Query\\Builder->runSelect()
#4 /Users/daophuong/Documents/Vlance/vlance_cuongphat/vendor/laravel/framework/src/Illuminate/Database/Query/Builder.php(2936): Illuminate\\Database\\Query\\Builder->Illuminate\\Database\\Query\\{closure}()
#5 /Users/daophuong/Documents/Vlance/vlance_cuongphat/vendor/laravel/framework/src/Illuminate/Database/Query/Builder.php(2403): Illuminate\\Database\\Query\\Builder->onceWithColumns(Array, Object(Closure))
#6 /Users/daophuong/Documents/Vlance/vlance_cuongphat/vendor/laravel/framework/src/Illuminate/Database/Eloquent/Builder.php(625): Illuminate\\Database\\Query\\Builder->get(Array)
#7 /Users/daophuong/Documents/Vlance/vlance_cuongphat/vendor/laravel/framework/src/Illuminate/Database/Eloquent/Builder.php(609): Illuminate\\Database\\Eloquent\\Builder->getModels(Array)
#8 /Users/daophuong/Documents/Vlance/vlance_cuongphat/app/Helpers/Helpers.php(999): Illuminate\\Database\\Eloquent\\Builder->get()
#9 /Users/daophuong/Documents/Vlance/vlance_cuongphat/app/Providers/AppServiceProvider.php(20): app_config()
#10 /Users/daophuong/Documents/Vlance/vlance_cuongphat/vendor/laravel/framework/src/Illuminate/Container/BoundMethod.php(36): App\\Providers\\AppServiceProvider->boot()
#11 /Users/daophuong/Documents/Vlance/vlance_cuongphat/vendor/laravel/framework/src/Illuminate/Container/Util.php(40): Illuminate\\Container\\BoundMethod::Illuminate\\Container\\{closure}()
#12 /Users/daophuong/Documents/Vlance/vlance_cuongphat/vendor/laravel/framework/src/Illuminate/Container/BoundMethod.php(93): Illuminate\\Container\\Util::unwrapIfClosure(Object(Closure))
#13 /Users/daophuong/Documents/Vlance/vlance_cuongphat/vendor/laravel/framework/src/Illuminate/Container/BoundMethod.php(37): Illuminate\\Container\\BoundMethod::callBoundMethod(Object(Illuminate\\Foundation\\Application), Array, Object(Closure))
#14 /Users/daophuong/Documents/Vlance/vlance_cuongphat/vendor/laravel/framework/src/Illuminate/Container/Container.php(653): Illuminate\\Container\\BoundMethod::call(Object(Illuminate\\Foundation\\Application), Array, Array, NULL)
#15 /Users/daophuong/Documents/Vlance/vlance_cuongphat/vendor/laravel/framework/src/Illuminate/Foundation/Application.php(924): Illuminate\\Container\\Container->call(Array)
#16 /Users/daophuong/Documents/Vlance/vlance_cuongphat/vendor/laravel/framework/src/Illuminate/Foundation/Application.php(905): Illuminate\\Foundation\\Application->bootProvider(Object(App\\Providers\\AppServiceProvider))
#17 [internal function]: Illuminate\\Foundation\\Application->Illuminate\\Foundation\\{closure}(Object(App\\Providers\\AppServiceProvider), 37)
#18 /Users/daophuong/Documents/Vlance/vlance_cuongphat/vendor/laravel/framework/src/Illuminate/Foundation/Application.php(906): array_walk(Array, Object(Closure))
#19 /Users/daophuong/Documents/Vlance/vlance_cuongphat/vendor/laravel/framework/src/Illuminate/Foundation/Bootstrap/BootProviders.php(17): Illuminate\\Foundation\\Application->boot()
#20 /Users/daophuong/Documents/Vlance/vlance_cuongphat/vendor/laravel/framework/src/Illuminate/Foundation/Application.php(237): Illuminate\\Foundation\\Bootstrap\\BootProviders->bootstrap(Object(Illuminate\\Foundation\\Application))
#21 /Users/daophuong/Documents/Vlance/vlance_cuongphat/vendor/laravel/framework/src/Illuminate/Foundation/Http/Kernel.php(153): Illuminate\\Foundation\\Application->bootstrapWith(Array)
#22 /Users/daophuong/Documents/Vlance/vlance_cuongphat/vendor/laravel/framework/src/Illuminate/Foundation/Http/Kernel.php(137): Illuminate\\Foundation\\Http\\Kernel->bootstrap()
#23 /Users/daophuong/Documents/Vlance/vlance_cuongphat/vendor/laravel/framework/src/Illuminate/Foundation/Http/Kernel.php(111): Illuminate\\Foundation\\Http\\Kernel->sendRequestThroughRouter(Object(Illuminate\\Http\\Request))
#24 /Users/daophuong/Documents/Vlance/vlance_cuongphat/public/index.php(56): Illuminate\\Foundation\\Http\\Kernel->handle(Object(Illuminate\\Http\\Request))
#25 /Users/daophuong/Documents/Vlance/vlance_cuongphat/server.php(21): require_once('/Users/daophuon...')
#26 {main}

[previous exception] [object] (PDOException(code: 2002): SQLSTATE[HY000] [2002] No such file or directory at /Users/daophuong/Documents/Vlance/vlance_cuongphat/vendor/laravel/framework/src/Illuminate/Database/Connectors/Connector.php:70)
[stacktrace]
#0 /Users/daophuong/Documents/Vlance/vlance_cuongphat/vendor/laravel/framework/src/Illuminate/Database/Connectors/Connector.php(70): PDO->__construct('mysql:host=loca...', 'root', '', Array)
#1 /Users/daophuong/Documents/Vlance/vlance_cuongphat/vendor/laravel/framework/src/Illuminate/Database/Connectors/Connector.php(46): Illuminate\\Database\\Connectors\\Connector->createPdoConnection('mysql:host=loca...', 'root', '', Array)
#2 /Users/daophuong/Documents/Vlance/vlance_cuongphat/vendor/laravel/framework/src/Illuminate/Database/Connectors/MySqlConnector.php(24): Illuminate\\Database\\Connectors\\Connector->createConnection('mysql:host=loca...', Array, Array)
#3 /Users/daophuong/Documents/Vlance/vlance_cuongphat/vendor/laravel/framework/src/Illuminate/Database/Connectors/ConnectionFactory.php(184): Illuminate\\Database\\Connectors\\MySqlConnector->connect(Array)
#4 [internal function]: Illuminate\\Database\\Connectors\\ConnectionFactory->Illuminate\\Database\\Connectors\\{closure}()
#5 /Users/daophuong/Documents/Vlance/vlance_cuongphat/vendor/laravel/framework/src/Illuminate/Database/Connection.php(1064): call_user_func(Object(Closure))
#6 /Users/daophuong/Documents/Vlance/vlance_cuongphat/vendor/laravel/framework/src/Illuminate/Database/Connection.php(1100): Illuminate\\Database\\Connection->getPdo()
#7 /Users/daophuong/Documents/Vlance/vlance_cuongphat/vendor/laravel/framework/src/Illuminate/Database/Connection.php(442): Illuminate\\Database\\Connection->getReadPdo()
#8 /Users/daophuong/Documents/Vlance/vlance_cuongphat/vendor/laravel/framework/src/Illuminate/Database/Connection.php(368): Illuminate\\Database\\Connection->getPdoForSelect(true)
#9 /Users/daophuong/Documents/Vlance/vlance_cuongphat/vendor/laravel/framework/src/Illuminate/Database/Connection.php(705): Illuminate\\Database\\Connection->Illuminate\\Database\\{closure}('select * from `...', Array)
#10 /Users/daophuong/Documents/Vlance/vlance_cuongphat/vendor/laravel/framework/src/Illuminate/Database/Connection.php(672): Illuminate\\Database\\Connection->runQueryCallback('select * from `...', Array, Object(Closure))
#11 /Users/daophuong/Documents/Vlance/vlance_cuongphat/vendor/laravel/framework/src/Illuminate/Database/Connection.php(376): Illuminate\\Database\\Connection->run('select * from `...', Array, Object(Closure))
#12 /Users/daophuong/Documents/Vlance/vlance_cuongphat/vendor/laravel/framework/src/Illuminate/Database/Query/Builder.php(2414): Illuminate\\Database\\Connection->select('select * from `...', Array, true)
#13 /Users/daophuong/Documents/Vlance/vlance_cuongphat/vendor/laravel/framework/src/Illuminate/Database/Query/Builder.php(2402): Illuminate\\Database\\Query\\Builder->runSelect()
#14 /Users/daophuong/Documents/Vlance/vlance_cuongphat/vendor/laravel/framework/src/Illuminate/Database/Query/Builder.php(2936): Illuminate\\Database\\Query\\Builder->Illuminate\\Database\\Query\\{closure}()
#15 /Users/daophuong/Documents/Vlance/vlance_cuongphat/vendor/laravel/framework/src/Illuminate/Database/Query/Builder.php(2403): Illuminate\\Database\\Query\\Builder->onceWithColumns(Array, Object(Closure))
#16 /Users/daophuong/Documents/Vlance/vlance_cuongphat/vendor/laravel/framework/src/Illuminate/Database/Eloquent/Builder.php(625): Illuminate\\Database\\Query\\Builder->get(Array)
#17 /Users/daophuong/Documents/Vlance/vlance_cuongphat/vendor/laravel/framework/src/Illuminate/Database/Eloquent/Builder.php(609): Illuminate\\Database\\Eloquent\\Builder->getModels(Array)
#18 /Users/daophuong/Documents/Vlance/vlance_cuongphat/app/Helpers/Helpers.php(999): Illuminate\\Database\\Eloquent\\Builder->get()
#19 /Users/daophuong/Documents/Vlance/vlance_cuongphat/app/Providers/AppServiceProvider.php(20): app_config()
#20 /Users/daophuong/Documents/Vlance/vlance_cuongphat/vendor/laravel/framework/src/Illuminate/Container/BoundMethod.php(36): App\\Providers\\AppServiceProvider->boot()
#21 /Users/daophuong/Documents/Vlance/vlance_cuongphat/vendor/laravel/framework/src/Illuminate/Container/Util.php(40): Illuminate\\Container\\BoundMethod::Illuminate\\Container\\{closure}()
#22 /Users/daophuong/Documents/Vlance/vlance_cuongphat/vendor/laravel/framework/src/Illuminate/Container/BoundMethod.php(93): Illuminate\\Container\\Util::unwrapIfClosure(Object(Closure))
#23 /Users/daophuong/Documents/Vlance/vlance_cuongphat/vendor/laravel/framework/src/Illuminate/Container/BoundMethod.php(37): Illuminate\\Container\\BoundMethod::callBoundMethod(Object(Illuminate\\Foundation\\Application), Array, Object(Closure))
#24 /Users/daophuong/Documents/Vlance/vlance_cuongphat/vendor/laravel/framework/src/Illuminate/Container/Container.php(653): Illuminate\\Container\\BoundMethod::call(Object(Illuminate\\Foundation\\Application), Array, Array, NULL)
#25 /Users/daophuong/Documents/Vlance/vlance_cuongphat/vendor/laravel/framework/src/Illuminate/Foundation/Application.php(924): Illuminate\\Container\\Container->call(Array)
#26 /Users/daophuong/Documents/Vlance/vlance_cuongphat/vendor/laravel/framework/src/Illuminate/Foundation/Application.php(905): Illuminate\\Foundation\\Application->bootProvider(Object(App\\Providers\\AppServiceProvider))
#27 [internal function]: Illuminate\\Foundation\\Application->Illuminate\\Foundation\\{closure}(Object(App\\Providers\\AppServiceProvider), 37)
#28 /Users/daophuong/Documents/Vlance/vlance_cuongphat/vendor/laravel/framework/src/Illuminate/Foundation/Application.php(906): array_walk(Array, Object(Closure))
#29 /Users/daophuong/Documents/Vlance/vlance_cuongphat/vendor/laravel/framework/src/Illuminate/Foundation/Bootstrap/BootProviders.php(17): Illuminate\\Foundation\\Application->boot()
#30 /Users/daophuong/Documents/Vlance/vlance_cuongphat/vendor/laravel/framework/src/Illuminate/Foundation/Application.php(237): Illuminate\\Foundation\\Bootstrap\\BootProviders->bootstrap(Object(Illuminate\\Foundation\\Application))
#31 /Users/daophuong/Documents/Vlance/vlance_cuongphat/vendor/laravel/framework/src/Illuminate/Foundation/Http/Kernel.php(153): Illuminate\\Foundation\\Application->bootstrapWith(Array)
#32 /Users/daophuong/Documents/Vlance/vlance_cuongphat/vendor/laravel/framework/src/Illuminate/Foundation/Http/Kernel.php(137): Illuminate\\Foundation\\Http\\Kernel->bootstrap()
#33 /Users/daophuong/Documents/Vlance/vlance_cuongphat/vendor/laravel/framework/src/Illuminate/Foundation/Http/Kernel.php(111): Illuminate\\Foundation\\Http\\Kernel->sendRequestThroughRouter(Object(Illuminate\\Http\\Request))
#34 /Users/daophuong/Documents/Vlance/vlance_cuongphat/public/index.php(56): Illuminate\\Foundation\\Http\\Kernel->handle(Object(Illuminate\\Http\\Request))
#35 /Users/daophuong/Documents/Vlance/vlance_cuongphat/server.php(21): require_once('/Users/daophuon...')
#36 {main}
"} 
[2023-05-25 16:13:34] local.ERROR: SQLSTATE[HY000] [2002] No such file or directory (SQL: select * from `languages` where `status` = 1) {"exception":"[object] (Illuminate\\Database\\QueryException(code: 2002): SQLSTATE[HY000] [2002] No such file or directory (SQL: select * from `languages` where `status` = 1) at /Users/daophuong/Documents/Vlance/vlance_cuongphat/vendor/laravel/framework/src/Illuminate/Database/Connection.php:712)
[stacktrace]
#0 /Users/daophuong/Documents/Vlance/vlance_cuongphat/vendor/laravel/framework/src/Illuminate/Database/Connection.php(672): Illuminate\\Database\\Connection->runQueryCallback('select * from `...', Array, Object(Closure))
#1 /Users/daophuong/Documents/Vlance/vlance_cuongphat/vendor/laravel/framework/src/Illuminate/Database/Connection.php(376): Illuminate\\Database\\Connection->run('select * from `...', Array, Object(Closure))
#2 /Users/daophuong/Documents/Vlance/vlance_cuongphat/vendor/laravel/framework/src/Illuminate/Database/Query/Builder.php(2414): Illuminate\\Database\\Connection->select('select * from `...', Array, true)
#3 /Users/daophuong/Documents/Vlance/vlance_cuongphat/vendor/laravel/framework/src/Illuminate/Database/Query/Builder.php(2402): Illuminate\\Database\\Query\\Builder->runSelect()
#4 /Users/daophuong/Documents/Vlance/vlance_cuongphat/vendor/laravel/framework/src/Illuminate/Database/Query/Builder.php(2936): Illuminate\\Database\\Query\\Builder->Illuminate\\Database\\Query\\{closure}()
#5 /Users/daophuong/Documents/Vlance/vlance_cuongphat/vendor/laravel/framework/src/Illuminate/Database/Query/Builder.php(2403): Illuminate\\Database\\Query\\Builder->onceWithColumns(Array, Object(Closure))
#6 /Users/daophuong/Documents/Vlance/vlance_cuongphat/vendor/laravel/framework/src/Illuminate/Database/Eloquent/Builder.php(625): Illuminate\\Database\\Query\\Builder->get(Array)
#7 /Users/daophuong/Documents/Vlance/vlance_cuongphat/vendor/laravel/framework/src/Illuminate/Database/Eloquent/Builder.php(609): Illuminate\\Database\\Eloquent\\Builder->getModels(Array)
#8 /Users/daophuong/Documents/Vlance/vlance_cuongphat/app/Helpers/Helpers.php(999): Illuminate\\Database\\Eloquent\\Builder->get()
#9 /Users/daophuong/Documents/Vlance/vlance_cuongphat/app/Providers/AppServiceProvider.php(20): app_config()
#10 /Users/daophuong/Documents/Vlance/vlance_cuongphat/vendor/laravel/framework/src/Illuminate/Container/BoundMethod.php(36): App\\Providers\\AppServiceProvider->boot()
#11 /Users/daophuong/Documents/Vlance/vlance_cuongphat/vendor/laravel/framework/src/Illuminate/Container/Util.php(40): Illuminate\\Container\\BoundMethod::Illuminate\\Container\\{closure}()
#12 /Users/daophuong/Documents/Vlance/vlance_cuongphat/vendor/laravel/framework/src/Illuminate/Container/BoundMethod.php(93): Illuminate\\Container\\Util::unwrapIfClosure(Object(Closure))
#13 /Users/daophuong/Documents/Vlance/vlance_cuongphat/vendor/laravel/framework/src/Illuminate/Container/BoundMethod.php(37): Illuminate\\Container\\BoundMethod::callBoundMethod(Object(Illuminate\\Foundation\\Application), Array, Object(Closure))
#14 /Users/daophuong/Documents/Vlance/vlance_cuongphat/vendor/laravel/framework/src/Illuminate/Container/Container.php(653): Illuminate\\Container\\BoundMethod::call(Object(Illuminate\\Foundation\\Application), Array, Array, NULL)
#15 /Users/daophuong/Documents/Vlance/vlance_cuongphat/vendor/laravel/framework/src/Illuminate/Foundation/Application.php(924): Illuminate\\Container\\Container->call(Array)
#16 /Users/daophuong/Documents/Vlance/vlance_cuongphat/vendor/laravel/framework/src/Illuminate/Foundation/Application.php(905): Illuminate\\Foundation\\Application->bootProvider(Object(App\\Providers\\AppServiceProvider))
#17 [internal function]: Illuminate\\Foundation\\Application->Illuminate\\Foundation\\{closure}(Object(App\\Providers\\AppServiceProvider), 37)
#18 /Users/daophuong/Documents/Vlance/vlance_cuongphat/vendor/laravel/framework/src/Illuminate/Foundation/Application.php(906): array_walk(Array, Object(Closure))
#19 /Users/daophuong/Documents/Vlance/vlance_cuongphat/vendor/laravel/framework/src/Illuminate/Foundation/Bootstrap/BootProviders.php(17): Illuminate\\Foundation\\Application->boot()
#20 /Users/daophuong/Documents/Vlance/vlance_cuongphat/vendor/laravel/framework/src/Illuminate/Foundation/Application.php(237): Illuminate\\Foundation\\Bootstrap\\BootProviders->bootstrap(Object(Illuminate\\Foundation\\Application))
#21 /Users/daophuong/Documents/Vlance/vlance_cuongphat/vendor/laravel/framework/src/Illuminate/Foundation/Http/Kernel.php(153): Illuminate\\Foundation\\Application->bootstrapWith(Array)
#22 /Users/daophuong/Documents/Vlance/vlance_cuongphat/vendor/laravel/framework/src/Illuminate/Foundation/Http/Kernel.php(137): Illuminate\\Foundation\\Http\\Kernel->bootstrap()
#23 /Users/daophuong/Documents/Vlance/vlance_cuongphat/vendor/laravel/framework/src/Illuminate/Foundation/Http/Kernel.php(111): Illuminate\\Foundation\\Http\\Kernel->sendRequestThroughRouter(Object(Illuminate\\Http\\Request))
#24 /Users/daophuong/Documents/Vlance/vlance_cuongphat/public/index.php(56): Illuminate\\Foundation\\Http\\Kernel->handle(Object(Illuminate\\Http\\Request))
#25 /Users/daophuong/Documents/Vlance/vlance_cuongphat/server.php(21): require_once('/Users/daophuon...')
#26 {main}

[previous exception] [object] (PDOException(code: 2002): SQLSTATE[HY000] [2002] No such file or directory at /Users/daophuong/Documents/Vlance/vlance_cuongphat/vendor/laravel/framework/src/Illuminate/Database/Connectors/Connector.php:70)
[stacktrace]
#0 /Users/daophuong/Documents/Vlance/vlance_cuongphat/vendor/laravel/framework/src/Illuminate/Database/Connectors/Connector.php(70): PDO->__construct('mysql:host=loca...', 'root', '', Array)
#1 /Users/daophuong/Documents/Vlance/vlance_cuongphat/vendor/laravel/framework/src/Illuminate/Database/Connectors/Connector.php(46): Illuminate\\Database\\Connectors\\Connector->createPdoConnection('mysql:host=loca...', 'root', '', Array)
#2 /Users/daophuong/Documents/Vlance/vlance_cuongphat/vendor/laravel/framework/src/Illuminate/Database/Connectors/MySqlConnector.php(24): Illuminate\\Database\\Connectors\\Connector->createConnection('mysql:host=loca...', Array, Array)
#3 /Users/daophuong/Documents/Vlance/vlance_cuongphat/vendor/laravel/framework/src/Illuminate/Database/Connectors/ConnectionFactory.php(184): Illuminate\\Database\\Connectors\\MySqlConnector->connect(Array)
#4 [internal function]: Illuminate\\Database\\Connectors\\ConnectionFactory->Illuminate\\Database\\Connectors\\{closure}()
#5 /Users/daophuong/Documents/Vlance/vlance_cuongphat/vendor/laravel/framework/src/Illuminate/Database/Connection.php(1064): call_user_func(Object(Closure))
#6 /Users/daophuong/Documents/Vlance/vlance_cuongphat/vendor/laravel/framework/src/Illuminate/Database/Connection.php(1100): Illuminate\\Database\\Connection->getPdo()
#7 /Users/daophuong/Documents/Vlance/vlance_cuongphat/vendor/laravel/framework/src/Illuminate/Database/Connection.php(442): Illuminate\\Database\\Connection->getReadPdo()
#8 /Users/daophuong/Documents/Vlance/vlance_cuongphat/vendor/laravel/framework/src/Illuminate/Database/Connection.php(368): Illuminate\\Database\\Connection->getPdoForSelect(true)
#9 /Users/daophuong/Documents/Vlance/vlance_cuongphat/vendor/laravel/framework/src/Illuminate/Database/Connection.php(705): Illuminate\\Database\\Connection->Illuminate\\Database\\{closure}('select * from `...', Array)
#10 /Users/daophuong/Documents/Vlance/vlance_cuongphat/vendor/laravel/framework/src/Illuminate/Database/Connection.php(672): Illuminate\\Database\\Connection->runQueryCallback('select * from `...', Array, Object(Closure))
#11 /Users/daophuong/Documents/Vlance/vlance_cuongphat/vendor/laravel/framework/src/Illuminate/Database/Connection.php(376): Illuminate\\Database\\Connection->run('select * from `...', Array, Object(Closure))
#12 /Users/daophuong/Documents/Vlance/vlance_cuongphat/vendor/laravel/framework/src/Illuminate/Database/Query/Builder.php(2414): Illuminate\\Database\\Connection->select('select * from `...', Array, true)
#13 /Users/daophuong/Documents/Vlance/vlance_cuongphat/vendor/laravel/framework/src/Illuminate/Database/Query/Builder.php(2402): Illuminate\\Database\\Query\\Builder->runSelect()
#14 /Users/daophuong/Documents/Vlance/vlance_cuongphat/vendor/laravel/framework/src/Illuminate/Database/Query/Builder.php(2936): Illuminate\\Database\\Query\\Builder->Illuminate\\Database\\Query\\{closure}()
#15 /Users/daophuong/Documents/Vlance/vlance_cuongphat/vendor/laravel/framework/src/Illuminate/Database/Query/Builder.php(2403): Illuminate\\Database\\Query\\Builder->onceWithColumns(Array, Object(Closure))
#16 /Users/daophuong/Documents/Vlance/vlance_cuongphat/vendor/laravel/framework/src/Illuminate/Database/Eloquent/Builder.php(625): Illuminate\\Database\\Query\\Builder->get(Array)
#17 /Users/daophuong/Documents/Vlance/vlance_cuongphat/vendor/laravel/framework/src/Illuminate/Database/Eloquent/Builder.php(609): Illuminate\\Database\\Eloquent\\Builder->getModels(Array)
#18 /Users/daophuong/Documents/Vlance/vlance_cuongphat/app/Helpers/Helpers.php(999): Illuminate\\Database\\Eloquent\\Builder->get()
#19 /Users/daophuong/Documents/Vlance/vlance_cuongphat/app/Providers/AppServiceProvider.php(20): app_config()
#20 /Users/daophuong/Documents/Vlance/vlance_cuongphat/vendor/laravel/framework/src/Illuminate/Container/BoundMethod.php(36): App\\Providers\\AppServiceProvider->boot()
#21 /Users/daophuong/Documents/Vlance/vlance_cuongphat/vendor/laravel/framework/src/Illuminate/Container/Util.php(40): Illuminate\\Container\\BoundMethod::Illuminate\\Container\\{closure}()
#22 /Users/daophuong/Documents/Vlance/vlance_cuongphat/vendor/laravel/framework/src/Illuminate/Container/BoundMethod.php(93): Illuminate\\Container\\Util::unwrapIfClosure(Object(Closure))
#23 /Users/daophuong/Documents/Vlance/vlance_cuongphat/vendor/laravel/framework/src/Illuminate/Container/BoundMethod.php(37): Illuminate\\Container\\BoundMethod::callBoundMethod(Object(Illuminate\\Foundation\\Application), Array, Object(Closure))
#24 /Users/daophuong/Documents/Vlance/vlance_cuongphat/vendor/laravel/framework/src/Illuminate/Container/Container.php(653): Illuminate\\Container\\BoundMethod::call(Object(Illuminate\\Foundation\\Application), Array, Array, NULL)
#25 /Users/daophuong/Documents/Vlance/vlance_cuongphat/vendor/laravel/framework/src/Illuminate/Foundation/Application.php(924): Illuminate\\Container\\Container->call(Array)
#26 /Users/daophuong/Documents/Vlance/vlance_cuongphat/vendor/laravel/framework/src/Illuminate/Foundation/Application.php(905): Illuminate\\Foundation\\Application->bootProvider(Object(App\\Providers\\AppServiceProvider))
#27 [internal function]: Illuminate\\Foundation\\Application->Illuminate\\Foundation\\{closure}(Object(App\\Providers\\AppServiceProvider), 37)
#28 /Users/daophuong/Documents/Vlance/vlance_cuongphat/vendor/laravel/framework/src/Illuminate/Foundation/Application.php(906): array_walk(Array, Object(Closure))
#29 /Users/daophuong/Documents/Vlance/vlance_cuongphat/vendor/laravel/framework/src/Illuminate/Foundation/Bootstrap/BootProviders.php(17): Illuminate\\Foundation\\Application->boot()
#30 /Users/daophuong/Documents/Vlance/vlance_cuongphat/vendor/laravel/framework/src/Illuminate/Foundation/Application.php(237): Illuminate\\Foundation\\Bootstrap\\BootProviders->bootstrap(Object(Illuminate\\Foundation\\Application))
#31 /Users/daophuong/Documents/Vlance/vlance_cuongphat/vendor/laravel/framework/src/Illuminate/Foundation/Http/Kernel.php(153): Illuminate\\Foundation\\Application->bootstrapWith(Array)
#32 /Users/daophuong/Documents/Vlance/vlance_cuongphat/vendor/laravel/framework/src/Illuminate/Foundation/Http/Kernel.php(137): Illuminate\\Foundation\\Http\\Kernel->bootstrap()
#33 /Users/daophuong/Documents/Vlance/vlance_cuongphat/vendor/laravel/framework/src/Illuminate/Foundation/Http/Kernel.php(111): Illuminate\\Foundation\\Http\\Kernel->sendRequestThroughRouter(Object(Illuminate\\Http\\Request))
#34 /Users/daophuong/Documents/Vlance/vlance_cuongphat/public/index.php(56): Illuminate\\Foundation\\Http\\Kernel->handle(Object(Illuminate\\Http\\Request))
#35 /Users/daophuong/Documents/Vlance/vlance_cuongphat/server.php(21): require_once('/Users/daophuon...')
#36 {main}
"} 
[2023-05-25 16:13:34] local.ERROR: SQLSTATE[HY000] [2002] No such file or directory (SQL: select * from `languages` where `status` = 1) {"exception":"[object] (Illuminate\\Database\\QueryException(code: 2002): SQLSTATE[HY000] [2002] No such file or directory (SQL: select * from `languages` where `status` = 1) at /Users/daophuong/Documents/Vlance/vlance_cuongphat/vendor/laravel/framework/src/Illuminate/Database/Connection.php:712)
[stacktrace]
#0 /Users/daophuong/Documents/Vlance/vlance_cuongphat/vendor/laravel/framework/src/Illuminate/Database/Connection.php(672): Illuminate\\Database\\Connection->runQueryCallback('select * from `...', Array, Object(Closure))
#1 /Users/daophuong/Documents/Vlance/vlance_cuongphat/vendor/laravel/framework/src/Illuminate/Database/Connection.php(376): Illuminate\\Database\\Connection->run('select * from `...', Array, Object(Closure))
#2 /Users/daophuong/Documents/Vlance/vlance_cuongphat/vendor/laravel/framework/src/Illuminate/Database/Query/Builder.php(2414): Illuminate\\Database\\Connection->select('select * from `...', Array, true)
#3 /Users/daophuong/Documents/Vlance/vlance_cuongphat/vendor/laravel/framework/src/Illuminate/Database/Query/Builder.php(2402): Illuminate\\Database\\Query\\Builder->runSelect()
#4 /Users/daophuong/Documents/Vlance/vlance_cuongphat/vendor/laravel/framework/src/Illuminate/Database/Query/Builder.php(2936): Illuminate\\Database\\Query\\Builder->Illuminate\\Database\\Query\\{closure}()
#5 /Users/daophuong/Documents/Vlance/vlance_cuongphat/vendor/laravel/framework/src/Illuminate/Database/Query/Builder.php(2403): Illuminate\\Database\\Query\\Builder->onceWithColumns(Array, Object(Closure))
#6 /Users/daophuong/Documents/Vlance/vlance_cuongphat/vendor/laravel/framework/src/Illuminate/Database/Eloquent/Builder.php(625): Illuminate\\Database\\Query\\Builder->get(Array)
#7 /Users/daophuong/Documents/Vlance/vlance_cuongphat/vendor/laravel/framework/src/Illuminate/Database/Eloquent/Builder.php(609): Illuminate\\Database\\Eloquent\\Builder->getModels(Array)
#8 /Users/daophuong/Documents/Vlance/vlance_cuongphat/app/Helpers/Helpers.php(999): Illuminate\\Database\\Eloquent\\Builder->get()
#9 /Users/daophuong/Documents/Vlance/vlance_cuongphat/app/Providers/AppServiceProvider.php(20): app_config()
#10 /Users/daophuong/Documents/Vlance/vlance_cuongphat/vendor/laravel/framework/src/Illuminate/Container/BoundMethod.php(36): App\\Providers\\AppServiceProvider->boot()
#11 /Users/daophuong/Documents/Vlance/vlance_cuongphat/vendor/laravel/framework/src/Illuminate/Container/Util.php(40): Illuminate\\Container\\BoundMethod::Illuminate\\Container\\{closure}()
#12 /Users/daophuong/Documents/Vlance/vlance_cuongphat/vendor/laravel/framework/src/Illuminate/Container/BoundMethod.php(93): Illuminate\\Container\\Util::unwrapIfClosure(Object(Closure))
#13 /Users/daophuong/Documents/Vlance/vlance_cuongphat/vendor/laravel/framework/src/Illuminate/Container/BoundMethod.php(37): Illuminate\\Container\\BoundMethod::callBoundMethod(Object(Illuminate\\Foundation\\Application), Array, Object(Closure))
#14 /Users/daophuong/Documents/Vlance/vlance_cuongphat/vendor/laravel/framework/src/Illuminate/Container/Container.php(653): Illuminate\\Container\\BoundMethod::call(Object(Illuminate\\Foundation\\Application), Array, Array, NULL)
#15 /Users/daophuong/Documents/Vlance/vlance_cuongphat/vendor/laravel/framework/src/Illuminate/Foundation/Application.php(924): Illuminate\\Container\\Container->call(Array)
#16 /Users/daophuong/Documents/Vlance/vlance_cuongphat/vendor/laravel/framework/src/Illuminate/Foundation/Application.php(905): Illuminate\\Foundation\\Application->bootProvider(Object(App\\Providers\\AppServiceProvider))
#17 [internal function]: Illuminate\\Foundation\\Application->Illuminate\\Foundation\\{closure}(Object(App\\Providers\\AppServiceProvider), 37)
#18 /Users/daophuong/Documents/Vlance/vlance_cuongphat/vendor/laravel/framework/src/Illuminate/Foundation/Application.php(906): array_walk(Array, Object(Closure))
#19 /Users/daophuong/Documents/Vlance/vlance_cuongphat/vendor/laravel/framework/src/Illuminate/Foundation/Bootstrap/BootProviders.php(17): Illuminate\\Foundation\\Application->boot()
#20 /Users/daophuong/Documents/Vlance/vlance_cuongphat/vendor/laravel/framework/src/Illuminate/Foundation/Application.php(237): Illuminate\\Foundation\\Bootstrap\\BootProviders->bootstrap(Object(Illuminate\\Foundation\\Application))
#21 /Users/daophuong/Documents/Vlance/vlance_cuongphat/vendor/laravel/framework/src/Illuminate/Foundation/Http/Kernel.php(153): Illuminate\\Foundation\\Application->bootstrapWith(Array)
#22 /Users/daophuong/Documents/Vlance/vlance_cuongphat/vendor/laravel/framework/src/Illuminate/Foundation/Http/Kernel.php(137): Illuminate\\Foundation\\Http\\Kernel->bootstrap()
#23 /Users/daophuong/Documents/Vlance/vlance_cuongphat/vendor/laravel/framework/src/Illuminate/Foundation/Http/Kernel.php(111): Illuminate\\Foundation\\Http\\Kernel->sendRequestThroughRouter(Object(Illuminate\\Http\\Request))
#24 /Users/daophuong/Documents/Vlance/vlance_cuongphat/public/index.php(56): Illuminate\\Foundation\\Http\\Kernel->handle(Object(Illuminate\\Http\\Request))
#25 /Users/daophuong/Documents/Vlance/vlance_cuongphat/server.php(21): require_once('/Users/daophuon...')
#26 {main}

[previous exception] [object] (PDOException(code: 2002): SQLSTATE[HY000] [2002] No such file or directory at /Users/daophuong/Documents/Vlance/vlance_cuongphat/vendor/laravel/framework/src/Illuminate/Database/Connectors/Connector.php:70)
[stacktrace]
#0 /Users/daophuong/Documents/Vlance/vlance_cuongphat/vendor/laravel/framework/src/Illuminate/Database/Connectors/Connector.php(70): PDO->__construct('mysql:host=loca...', 'root', '', Array)
#1 /Users/daophuong/Documents/Vlance/vlance_cuongphat/vendor/laravel/framework/src/Illuminate/Database/Connectors/Connector.php(46): Illuminate\\Database\\Connectors\\Connector->createPdoConnection('mysql:host=loca...', 'root', '', Array)
#2 /Users/daophuong/Documents/Vlance/vlance_cuongphat/vendor/laravel/framework/src/Illuminate/Database/Connectors/MySqlConnector.php(24): Illuminate\\Database\\Connectors\\Connector->createConnection('mysql:host=loca...', Array, Array)
#3 /Users/daophuong/Documents/Vlance/vlance_cuongphat/vendor/laravel/framework/src/Illuminate/Database/Connectors/ConnectionFactory.php(184): Illuminate\\Database\\Connectors\\MySqlConnector->connect(Array)
#4 [internal function]: Illuminate\\Database\\Connectors\\ConnectionFactory->Illuminate\\Database\\Connectors\\{closure}()
#5 /Users/daophuong/Documents/Vlance/vlance_cuongphat/vendor/laravel/framework/src/Illuminate/Database/Connection.php(1064): call_user_func(Object(Closure))
#6 /Users/daophuong/Documents/Vlance/vlance_cuongphat/vendor/laravel/framework/src/Illuminate/Database/Connection.php(1100): Illuminate\\Database\\Connection->getPdo()
#7 /Users/daophuong/Documents/Vlance/vlance_cuongphat/vendor/laravel/framework/src/Illuminate/Database/Connection.php(442): Illuminate\\Database\\Connection->getReadPdo()
#8 /Users/daophuong/Documents/Vlance/vlance_cuongphat/vendor/laravel/framework/src/Illuminate/Database/Connection.php(368): Illuminate\\Database\\Connection->getPdoForSelect(true)
#9 /Users/daophuong/Documents/Vlance/vlance_cuongphat/vendor/laravel/framework/src/Illuminate/Database/Connection.php(705): Illuminate\\Database\\Connection->Illuminate\\Database\\{closure}('select * from `...', Array)
#10 /Users/daophuong/Documents/Vlance/vlance_cuongphat/vendor/laravel/framework/src/Illuminate/Database/Connection.php(672): Illuminate\\Database\\Connection->runQueryCallback('select * from `...', Array, Object(Closure))
#11 /Users/daophuong/Documents/Vlance/vlance_cuongphat/vendor/laravel/framework/src/Illuminate/Database/Connection.php(376): Illuminate\\Database\\Connection->run('select * from `...', Array, Object(Closure))
#12 /Users/daophuong/Documents/Vlance/vlance_cuongphat/vendor/laravel/framework/src/Illuminate/Database/Query/Builder.php(2414): Illuminate\\Database\\Connection->select('select * from `...', Array, true)
#13 /Users/daophuong/Documents/Vlance/vlance_cuongphat/vendor/laravel/framework/src/Illuminate/Database/Query/Builder.php(2402): Illuminate\\Database\\Query\\Builder->runSelect()
#14 /Users/daophuong/Documents/Vlance/vlance_cuongphat/vendor/laravel/framework/src/Illuminate/Database/Query/Builder.php(2936): Illuminate\\Database\\Query\\Builder->Illuminate\\Database\\Query\\{closure}()
#15 /Users/daophuong/Documents/Vlance/vlance_cuongphat/vendor/laravel/framework/src/Illuminate/Database/Query/Builder.php(2403): Illuminate\\Database\\Query\\Builder->onceWithColumns(Array, Object(Closure))
#16 /Users/daophuong/Documents/Vlance/vlance_cuongphat/vendor/laravel/framework/src/Illuminate/Database/Eloquent/Builder.php(625): Illuminate\\Database\\Query\\Builder->get(Array)
#17 /Users/daophuong/Documents/Vlance/vlance_cuongphat/vendor/laravel/framework/src/Illuminate/Database/Eloquent/Builder.php(609): Illuminate\\Database\\Eloquent\\Builder->getModels(Array)
#18 /Users/daophuong/Documents/Vlance/vlance_cuongphat/app/Helpers/Helpers.php(999): Illuminate\\Database\\Eloquent\\Builder->get()
#19 /Users/daophuong/Documents/Vlance/vlance_cuongphat/app/Providers/AppServiceProvider.php(20): app_config()
#20 /Users/daophuong/Documents/Vlance/vlance_cuongphat/vendor/laravel/framework/src/Illuminate/Container/BoundMethod.php(36): App\\Providers\\AppServiceProvider->boot()
#21 /Users/daophuong/Documents/Vlance/vlance_cuongphat/vendor/laravel/framework/src/Illuminate/Container/Util.php(40): Illuminate\\Container\\BoundMethod::Illuminate\\Container\\{closure}()
#22 /Users/daophuong/Documents/Vlance/vlance_cuongphat/vendor/laravel/framework/src/Illuminate/Container/BoundMethod.php(93): Illuminate\\Container\\Util::unwrapIfClosure(Object(Closure))
#23 /Users/daophuong/Documents/Vlance/vlance_cuongphat/vendor/laravel/framework/src/Illuminate/Container/BoundMethod.php(37): Illuminate\\Container\\BoundMethod::callBoundMethod(Object(Illuminate\\Foundation\\Application), Array, Object(Closure))
#24 /Users/daophuong/Documents/Vlance/vlance_cuongphat/vendor/laravel/framework/src/Illuminate/Container/Container.php(653): Illuminate\\Container\\BoundMethod::call(Object(Illuminate\\Foundation\\Application), Array, Array, NULL)
#25 /Users/daophuong/Documents/Vlance/vlance_cuongphat/vendor/laravel/framework/src/Illuminate/Foundation/Application.php(924): Illuminate\\Container\\Container->call(Array)
#26 /Users/daophuong/Documents/Vlance/vlance_cuongphat/vendor/laravel/framework/src/Illuminate/Foundation/Application.php(905): Illuminate\\Foundation\\Application->bootProvider(Object(App\\Providers\\AppServiceProvider))
#27 [internal function]: Illuminate\\Foundation\\Application->Illuminate\\Foundation\\{closure}(Object(App\\Providers\\AppServiceProvider), 37)
#28 /Users/daophuong/Documents/Vlance/vlance_cuongphat/vendor/laravel/framework/src/Illuminate/Foundation/Application.php(906): array_walk(Array, Object(Closure))
#29 /Users/daophuong/Documents/Vlance/vlance_cuongphat/vendor/laravel/framework/src/Illuminate/Foundation/Bootstrap/BootProviders.php(17): Illuminate\\Foundation\\Application->boot()
#30 /Users/daophuong/Documents/Vlance/vlance_cuongphat/vendor/laravel/framework/src/Illuminate/Foundation/Application.php(237): Illuminate\\Foundation\\Bootstrap\\BootProviders->bootstrap(Object(Illuminate\\Foundation\\Application))
#31 /Users/daophuong/Documents/Vlance/vlance_cuongphat/vendor/laravel/framework/src/Illuminate/Foundation/Http/Kernel.php(153): Illuminate\\Foundation\\Application->bootstrapWith(Array)
#32 /Users/daophuong/Documents/Vlance/vlance_cuongphat/vendor/laravel/framework/src/Illuminate/Foundation/Http/Kernel.php(137): Illuminate\\Foundation\\Http\\Kernel->bootstrap()
#33 /Users/daophuong/Documents/Vlance/vlance_cuongphat/vendor/laravel/framework/src/Illuminate/Foundation/Http/Kernel.php(111): Illuminate\\Foundation\\Http\\Kernel->sendRequestThroughRouter(Object(Illuminate\\Http\\Request))
#34 /Users/daophuong/Documents/Vlance/vlance_cuongphat/public/index.php(56): Illuminate\\Foundation\\Http\\Kernel->handle(Object(Illuminate\\Http\\Request))
#35 /Users/daophuong/Documents/Vlance/vlance_cuongphat/server.php(21): require_once('/Users/daophuon...')
#36 {main}
"} 
[2023-05-25 16:14:13] local.ERROR: SQLSTATE[HY000] [2002] No such file or directory (SQL: select * from `languages` where `status` = 1) {"exception":"[object] (Illuminate\\Database\\QueryException(code: 2002): SQLSTATE[HY000] [2002] No such file or directory (SQL: select * from `languages` where `status` = 1) at /Users/daophuong/Documents/Vlance/vlance_cuongphat/vendor/laravel/framework/src/Illuminate/Database/Connection.php:712)
[stacktrace]
#0 /Users/daophuong/Documents/Vlance/vlance_cuongphat/vendor/laravel/framework/src/Illuminate/Database/Connection.php(672): Illuminate\\Database\\Connection->runQueryCallback('select * from `...', Array, Object(Closure))
#1 /Users/daophuong/Documents/Vlance/vlance_cuongphat/vendor/laravel/framework/src/Illuminate/Database/Connection.php(376): Illuminate\\Database\\Connection->run('select * from `...', Array, Object(Closure))
#2 /Users/daophuong/Documents/Vlance/vlance_cuongphat/vendor/laravel/framework/src/Illuminate/Database/Query/Builder.php(2414): Illuminate\\Database\\Connection->select('select * from `...', Array, true)
#3 /Users/daophuong/Documents/Vlance/vlance_cuongphat/vendor/laravel/framework/src/Illuminate/Database/Query/Builder.php(2402): Illuminate\\Database\\Query\\Builder->runSelect()
#4 /Users/daophuong/Documents/Vlance/vlance_cuongphat/vendor/laravel/framework/src/Illuminate/Database/Query/Builder.php(2936): Illuminate\\Database\\Query\\Builder->Illuminate\\Database\\Query\\{closure}()
#5 /Users/daophuong/Documents/Vlance/vlance_cuongphat/vendor/laravel/framework/src/Illuminate/Database/Query/Builder.php(2403): Illuminate\\Database\\Query\\Builder->onceWithColumns(Array, Object(Closure))
#6 /Users/daophuong/Documents/Vlance/vlance_cuongphat/vendor/laravel/framework/src/Illuminate/Database/Eloquent/Builder.php(625): Illuminate\\Database\\Query\\Builder->get(Array)
#7 /Users/daophuong/Documents/Vlance/vlance_cuongphat/vendor/laravel/framework/src/Illuminate/Database/Eloquent/Builder.php(609): Illuminate\\Database\\Eloquent\\Builder->getModels(Array)
#8 /Users/daophuong/Documents/Vlance/vlance_cuongphat/app/Helpers/Helpers.php(999): Illuminate\\Database\\Eloquent\\Builder->get()
#9 /Users/daophuong/Documents/Vlance/vlance_cuongphat/app/Providers/AppServiceProvider.php(20): app_config()
#10 /Users/daophuong/Documents/Vlance/vlance_cuongphat/vendor/laravel/framework/src/Illuminate/Container/BoundMethod.php(36): App\\Providers\\AppServiceProvider->boot()
#11 /Users/daophuong/Documents/Vlance/vlance_cuongphat/vendor/laravel/framework/src/Illuminate/Container/Util.php(40): Illuminate\\Container\\BoundMethod::Illuminate\\Container\\{closure}()
#12 /Users/daophuong/Documents/Vlance/vlance_cuongphat/vendor/laravel/framework/src/Illuminate/Container/BoundMethod.php(93): Illuminate\\Container\\Util::unwrapIfClosure(Object(Closure))
#13 /Users/daophuong/Documents/Vlance/vlance_cuongphat/vendor/laravel/framework/src/Illuminate/Container/BoundMethod.php(37): Illuminate\\Container\\BoundMethod::callBoundMethod(Object(Illuminate\\Foundation\\Application), Array, Object(Closure))
#14 /Users/daophuong/Documents/Vlance/vlance_cuongphat/vendor/laravel/framework/src/Illuminate/Container/Container.php(653): Illuminate\\Container\\BoundMethod::call(Object(Illuminate\\Foundation\\Application), Array, Array, NULL)
#15 /Users/daophuong/Documents/Vlance/vlance_cuongphat/vendor/laravel/framework/src/Illuminate/Foundation/Application.php(924): Illuminate\\Container\\Container->call(Array)
#16 /Users/daophuong/Documents/Vlance/vlance_cuongphat/vendor/laravel/framework/src/Illuminate/Foundation/Application.php(905): Illuminate\\Foundation\\Application->bootProvider(Object(App\\Providers\\AppServiceProvider))
#17 [internal function]: Illuminate\\Foundation\\Application->Illuminate\\Foundation\\{closure}(Object(App\\Providers\\AppServiceProvider), 37)
#18 /Users/daophuong/Documents/Vlance/vlance_cuongphat/vendor/laravel/framework/src/Illuminate/Foundation/Application.php(906): array_walk(Array, Object(Closure))
#19 /Users/daophuong/Documents/Vlance/vlance_cuongphat/vendor/laravel/framework/src/Illuminate/Foundation/Bootstrap/BootProviders.php(17): Illuminate\\Foundation\\Application->boot()
#20 /Users/daophuong/Documents/Vlance/vlance_cuongphat/vendor/laravel/framework/src/Illuminate/Foundation/Application.php(237): Illuminate\\Foundation\\Bootstrap\\BootProviders->bootstrap(Object(Illuminate\\Foundation\\Application))
#21 /Users/daophuong/Documents/Vlance/vlance_cuongphat/vendor/laravel/framework/src/Illuminate/Foundation/Http/Kernel.php(153): Illuminate\\Foundation\\Application->bootstrapWith(Array)
#22 /Users/daophuong/Documents/Vlance/vlance_cuongphat/vendor/laravel/framework/src/Illuminate/Foundation/Http/Kernel.php(137): Illuminate\\Foundation\\Http\\Kernel->bootstrap()
#23 /Users/daophuong/Documents/Vlance/vlance_cuongphat/vendor/laravel/framework/src/Illuminate/Foundation/Http/Kernel.php(111): Illuminate\\Foundation\\Http\\Kernel->sendRequestThroughRouter(Object(Illuminate\\Http\\Request))
#24 /Users/daophuong/Documents/Vlance/vlance_cuongphat/public/index.php(56): Illuminate\\Foundation\\Http\\Kernel->handle(Object(Illuminate\\Http\\Request))
#25 /Users/daophuong/Documents/Vlance/vlance_cuongphat/server.php(21): require_once('/Users/daophuon...')
#26 {main}

[previous exception] [object] (PDOException(code: 2002): SQLSTATE[HY000] [2002] No such file or directory at /Users/daophuong/Documents/Vlance/vlance_cuongphat/vendor/laravel/framework/src/Illuminate/Database/Connectors/Connector.php:70)
[stacktrace]
#0 /Users/daophuong/Documents/Vlance/vlance_cuongphat/vendor/laravel/framework/src/Illuminate/Database/Connectors/Connector.php(70): PDO->__construct('mysql:host=loca...', 'root', '', Array)
#1 /Users/daophuong/Documents/Vlance/vlance_cuongphat/vendor/laravel/framework/src/Illuminate/Database/Connectors/Connector.php(46): Illuminate\\Database\\Connectors\\Connector->createPdoConnection('mysql:host=loca...', 'root', '', Array)
#2 /Users/daophuong/Documents/Vlance/vlance_cuongphat/vendor/laravel/framework/src/Illuminate/Database/Connectors/MySqlConnector.php(24): Illuminate\\Database\\Connectors\\Connector->createConnection('mysql:host=loca...', Array, Array)
#3 /Users/daophuong/Documents/Vlance/vlance_cuongphat/vendor/laravel/framework/src/Illuminate/Database/Connectors/ConnectionFactory.php(184): Illuminate\\Database\\Connectors\\MySqlConnector->connect(Array)
#4 [internal function]: Illuminate\\Database\\Connectors\\ConnectionFactory->Illuminate\\Database\\Connectors\\{closure}()
#5 /Users/daophuong/Documents/Vlance/vlance_cuongphat/vendor/laravel/framework/src/Illuminate/Database/Connection.php(1064): call_user_func(Object(Closure))
#6 /Users/daophuong/Documents/Vlance/vlance_cuongphat/vendor/laravel/framework/src/Illuminate/Database/Connection.php(1100): Illuminate\\Database\\Connection->getPdo()
#7 /Users/daophuong/Documents/Vlance/vlance_cuongphat/vendor/laravel/framework/src/Illuminate/Database/Connection.php(442): Illuminate\\Database\\Connection->getReadPdo()
#8 /Users/daophuong/Documents/Vlance/vlance_cuongphat/vendor/laravel/framework/src/Illuminate/Database/Connection.php(368): Illuminate\\Database\\Connection->getPdoForSelect(true)
#9 /Users/daophuong/Documents/Vlance/vlance_cuongphat/vendor/laravel/framework/src/Illuminate/Database/Connection.php(705): Illuminate\\Database\\Connection->Illuminate\\Database\\{closure}('select * from `...', Array)
#10 /Users/daophuong/Documents/Vlance/vlance_cuongphat/vendor/laravel/framework/src/Illuminate/Database/Connection.php(672): Illuminate\\Database\\Connection->runQueryCallback('select * from `...', Array, Object(Closure))
#11 /Users/daophuong/Documents/Vlance/vlance_cuongphat/vendor/laravel/framework/src/Illuminate/Database/Connection.php(376): Illuminate\\Database\\Connection->run('select * from `...', Array, Object(Closure))
#12 /Users/daophuong/Documents/Vlance/vlance_cuongphat/vendor/laravel/framework/src/Illuminate/Database/Query/Builder.php(2414): Illuminate\\Database\\Connection->select('select * from `...', Array, true)
#13 /Users/daophuong/Documents/Vlance/vlance_cuongphat/vendor/laravel/framework/src/Illuminate/Database/Query/Builder.php(2402): Illuminate\\Database\\Query\\Builder->runSelect()
#14 /Users/daophuong/Documents/Vlance/vlance_cuongphat/vendor/laravel/framework/src/Illuminate/Database/Query/Builder.php(2936): Illuminate\\Database\\Query\\Builder->Illuminate\\Database\\Query\\{closure}()
#15 /Users/daophuong/Documents/Vlance/vlance_cuongphat/vendor/laravel/framework/src/Illuminate/Database/Query/Builder.php(2403): Illuminate\\Database\\Query\\Builder->onceWithColumns(Array, Object(Closure))
#16 /Users/daophuong/Documents/Vlance/vlance_cuongphat/vendor/laravel/framework/src/Illuminate/Database/Eloquent/Builder.php(625): Illuminate\\Database\\Query\\Builder->get(Array)
#17 /Users/daophuong/Documents/Vlance/vlance_cuongphat/vendor/laravel/framework/src/Illuminate/Database/Eloquent/Builder.php(609): Illuminate\\Database\\Eloquent\\Builder->getModels(Array)
#18 /Users/daophuong/Documents/Vlance/vlance_cuongphat/app/Helpers/Helpers.php(999): Illuminate\\Database\\Eloquent\\Builder->get()
#19 /Users/daophuong/Documents/Vlance/vlance_cuongphat/app/Providers/AppServiceProvider.php(20): app_config()
#20 /Users/daophuong/Documents/Vlance/vlance_cuongphat/vendor/laravel/framework/src/Illuminate/Container/BoundMethod.php(36): App\\Providers\\AppServiceProvider->boot()
#21 /Users/daophuong/Documents/Vlance/vlance_cuongphat/vendor/laravel/framework/src/Illuminate/Container/Util.php(40): Illuminate\\Container\\BoundMethod::Illuminate\\Container\\{closure}()
#22 /Users/daophuong/Documents/Vlance/vlance_cuongphat/vendor/laravel/framework/src/Illuminate/Container/BoundMethod.php(93): Illuminate\\Container\\Util::unwrapIfClosure(Object(Closure))
#23 /Users/daophuong/Documents/Vlance/vlance_cuongphat/vendor/laravel/framework/src/Illuminate/Container/BoundMethod.php(37): Illuminate\\Container\\BoundMethod::callBoundMethod(Object(Illuminate\\Foundation\\Application), Array, Object(Closure))
#24 /Users/daophuong/Documents/Vlance/vlance_cuongphat/vendor/laravel/framework/src/Illuminate/Container/Container.php(653): Illuminate\\Container\\BoundMethod::call(Object(Illuminate\\Foundation\\Application), Array, Array, NULL)
#25 /Users/daophuong/Documents/Vlance/vlance_cuongphat/vendor/laravel/framework/src/Illuminate/Foundation/Application.php(924): Illuminate\\Container\\Container->call(Array)
#26 /Users/daophuong/Documents/Vlance/vlance_cuongphat/vendor/laravel/framework/src/Illuminate/Foundation/Application.php(905): Illuminate\\Foundation\\Application->bootProvider(Object(App\\Providers\\AppServiceProvider))
#27 [internal function]: Illuminate\\Foundation\\Application->Illuminate\\Foundation\\{closure}(Object(App\\Providers\\AppServiceProvider), 37)
#28 /Users/daophuong/Documents/Vlance/vlance_cuongphat/vendor/laravel/framework/src/Illuminate/Foundation/Application.php(906): array_walk(Array, Object(Closure))
#29 /Users/daophuong/Documents/Vlance/vlance_cuongphat/vendor/laravel/framework/src/Illuminate/Foundation/Bootstrap/BootProviders.php(17): Illuminate\\Foundation\\Application->boot()
#30 /Users/daophuong/Documents/Vlance/vlance_cuongphat/vendor/laravel/framework/src/Illuminate/Foundation/Application.php(237): Illuminate\\Foundation\\Bootstrap\\BootProviders->bootstrap(Object(Illuminate\\Foundation\\Application))
#31 /Users/daophuong/Documents/Vlance/vlance_cuongphat/vendor/laravel/framework/src/Illuminate/Foundation/Http/Kernel.php(153): Illuminate\\Foundation\\Application->bootstrapWith(Array)
#32 /Users/daophuong/Documents/Vlance/vlance_cuongphat/vendor/laravel/framework/src/Illuminate/Foundation/Http/Kernel.php(137): Illuminate\\Foundation\\Http\\Kernel->bootstrap()
#33 /Users/daophuong/Documents/Vlance/vlance_cuongphat/vendor/laravel/framework/src/Illuminate/Foundation/Http/Kernel.php(111): Illuminate\\Foundation\\Http\\Kernel->sendRequestThroughRouter(Object(Illuminate\\Http\\Request))
#34 /Users/daophuong/Documents/Vlance/vlance_cuongphat/public/index.php(56): Illuminate\\Foundation\\Http\\Kernel->handle(Object(Illuminate\\Http\\Request))
#35 /Users/daophuong/Documents/Vlance/vlance_cuongphat/server.php(21): require_once('/Users/daophuon...')
#36 {main}
"} 
[2023-05-25 16:14:13] local.ERROR: SQLSTATE[HY000] [2002] No such file or directory (SQL: select * from `languages` where `status` = 1) {"exception":"[object] (Illuminate\\Database\\QueryException(code: 2002): SQLSTATE[HY000] [2002] No such file or directory (SQL: select * from `languages` where `status` = 1) at /Users/daophuong/Documents/Vlance/vlance_cuongphat/vendor/laravel/framework/src/Illuminate/Database/Connection.php:712)
[stacktrace]
#0 /Users/daophuong/Documents/Vlance/vlance_cuongphat/vendor/laravel/framework/src/Illuminate/Database/Connection.php(672): Illuminate\\Database\\Connection->runQueryCallback('select * from `...', Array, Object(Closure))
#1 /Users/daophuong/Documents/Vlance/vlance_cuongphat/vendor/laravel/framework/src/Illuminate/Database/Connection.php(376): Illuminate\\Database\\Connection->run('select * from `...', Array, Object(Closure))
#2 /Users/daophuong/Documents/Vlance/vlance_cuongphat/vendor/laravel/framework/src/Illuminate/Database/Query/Builder.php(2414): Illuminate\\Database\\Connection->select('select * from `...', Array, true)
#3 /Users/daophuong/Documents/Vlance/vlance_cuongphat/vendor/laravel/framework/src/Illuminate/Database/Query/Builder.php(2402): Illuminate\\Database\\Query\\Builder->runSelect()
#4 /Users/daophuong/Documents/Vlance/vlance_cuongphat/vendor/laravel/framework/src/Illuminate/Database/Query/Builder.php(2936): Illuminate\\Database\\Query\\Builder->Illuminate\\Database\\Query\\{closure}()
#5 /Users/daophuong/Documents/Vlance/vlance_cuongphat/vendor/laravel/framework/src/Illuminate/Database/Query/Builder.php(2403): Illuminate\\Database\\Query\\Builder->onceWithColumns(Array, Object(Closure))
#6 /Users/daophuong/Documents/Vlance/vlance_cuongphat/vendor/laravel/framework/src/Illuminate/Database/Eloquent/Builder.php(625): Illuminate\\Database\\Query\\Builder->get(Array)
#7 /Users/daophuong/Documents/Vlance/vlance_cuongphat/vendor/laravel/framework/src/Illuminate/Database/Eloquent/Builder.php(609): Illuminate\\Database\\Eloquent\\Builder->getModels(Array)
#8 /Users/daophuong/Documents/Vlance/vlance_cuongphat/app/Helpers/Helpers.php(999): Illuminate\\Database\\Eloquent\\Builder->get()
#9 /Users/daophuong/Documents/Vlance/vlance_cuongphat/app/Providers/AppServiceProvider.php(20): app_config()
#10 /Users/daophuong/Documents/Vlance/vlance_cuongphat/vendor/laravel/framework/src/Illuminate/Container/BoundMethod.php(36): App\\Providers\\AppServiceProvider->boot()
#11 /Users/daophuong/Documents/Vlance/vlance_cuongphat/vendor/laravel/framework/src/Illuminate/Container/Util.php(40): Illuminate\\Container\\BoundMethod::Illuminate\\Container\\{closure}()
#12 /Users/daophuong/Documents/Vlance/vlance_cuongphat/vendor/laravel/framework/src/Illuminate/Container/BoundMethod.php(93): Illuminate\\Container\\Util::unwrapIfClosure(Object(Closure))
#13 /Users/daophuong/Documents/Vlance/vlance_cuongphat/vendor/laravel/framework/src/Illuminate/Container/BoundMethod.php(37): Illuminate\\Container\\BoundMethod::callBoundMethod(Object(Illuminate\\Foundation\\Application), Array, Object(Closure))
#14 /Users/daophuong/Documents/Vlance/vlance_cuongphat/vendor/laravel/framework/src/Illuminate/Container/Container.php(653): Illuminate\\Container\\BoundMethod::call(Object(Illuminate\\Foundation\\Application), Array, Array, NULL)
#15 /Users/daophuong/Documents/Vlance/vlance_cuongphat/vendor/laravel/framework/src/Illuminate/Foundation/Application.php(924): Illuminate\\Container\\Container->call(Array)
#16 /Users/daophuong/Documents/Vlance/vlance_cuongphat/vendor/laravel/framework/src/Illuminate/Foundation/Application.php(905): Illuminate\\Foundation\\Application->bootProvider(Object(App\\Providers\\AppServiceProvider))
#17 [internal function]: Illuminate\\Foundation\\Application->Illuminate\\Foundation\\{closure}(Object(App\\Providers\\AppServiceProvider), 37)
#18 /Users/daophuong/Documents/Vlance/vlance_cuongphat/vendor/laravel/framework/src/Illuminate/Foundation/Application.php(906): array_walk(Array, Object(Closure))
#19 /Users/daophuong/Documents/Vlance/vlance_cuongphat/vendor/laravel/framework/src/Illuminate/Foundation/Bootstrap/BootProviders.php(17): Illuminate\\Foundation\\Application->boot()
#20 /Users/daophuong/Documents/Vlance/vlance_cuongphat/vendor/laravel/framework/src/Illuminate/Foundation/Application.php(237): Illuminate\\Foundation\\Bootstrap\\BootProviders->bootstrap(Object(Illuminate\\Foundation\\Application))
#21 /Users/daophuong/Documents/Vlance/vlance_cuongphat/vendor/laravel/framework/src/Illuminate/Foundation/Http/Kernel.php(153): Illuminate\\Foundation\\Application->bootstrapWith(Array)
#22 /Users/daophuong/Documents/Vlance/vlance_cuongphat/vendor/laravel/framework/src/Illuminate/Foundation/Http/Kernel.php(137): Illuminate\\Foundation\\Http\\Kernel->bootstrap()
#23 /Users/daophuong/Documents/Vlance/vlance_cuongphat/vendor/laravel/framework/src/Illuminate/Foundation/Http/Kernel.php(111): Illuminate\\Foundation\\Http\\Kernel->sendRequestThroughRouter(Object(Illuminate\\Http\\Request))
#24 /Users/daophuong/Documents/Vlance/vlance_cuongphat/public/index.php(56): Illuminate\\Foundation\\Http\\Kernel->handle(Object(Illuminate\\Http\\Request))
#25 /Users/daophuong/Documents/Vlance/vlance_cuongphat/server.php(21): require_once('/Users/daophuon...')
#26 {main}

[previous exception] [object] (PDOException(code: 2002): SQLSTATE[HY000] [2002] No such file or directory at /Users/daophuong/Documents/Vlance/vlance_cuongphat/vendor/laravel/framework/src/Illuminate/Database/Connectors/Connector.php:70)
[stacktrace]
#0 /Users/daophuong/Documents/Vlance/vlance_cuongphat/vendor/laravel/framework/src/Illuminate/Database/Connectors/Connector.php(70): PDO->__construct('mysql:host=loca...', 'root', '', Array)
#1 /Users/daophuong/Documents/Vlance/vlance_cuongphat/vendor/laravel/framework/src/Illuminate/Database/Connectors/Connector.php(46): Illuminate\\Database\\Connectors\\Connector->createPdoConnection('mysql:host=loca...', 'root', '', Array)
#2 /Users/daophuong/Documents/Vlance/vlance_cuongphat/vendor/laravel/framework/src/Illuminate/Database/Connectors/MySqlConnector.php(24): Illuminate\\Database\\Connectors\\Connector->createConnection('mysql:host=loca...', Array, Array)
#3 /Users/daophuong/Documents/Vlance/vlance_cuongphat/vendor/laravel/framework/src/Illuminate/Database/Connectors/ConnectionFactory.php(184): Illuminate\\Database\\Connectors\\MySqlConnector->connect(Array)
#4 [internal function]: Illuminate\\Database\\Connectors\\ConnectionFactory->Illuminate\\Database\\Connectors\\{closure}()
#5 /Users/daophuong/Documents/Vlance/vlance_cuongphat/vendor/laravel/framework/src/Illuminate/Database/Connection.php(1064): call_user_func(Object(Closure))
#6 /Users/daophuong/Documents/Vlance/vlance_cuongphat/vendor/laravel/framework/src/Illuminate/Database/Connection.php(1100): Illuminate\\Database\\Connection->getPdo()
#7 /Users/daophuong/Documents/Vlance/vlance_cuongphat/vendor/laravel/framework/src/Illuminate/Database/Connection.php(442): Illuminate\\Database\\Connection->getReadPdo()
#8 /Users/daophuong/Documents/Vlance/vlance_cuongphat/vendor/laravel/framework/src/Illuminate/Database/Connection.php(368): Illuminate\\Database\\Connection->getPdoForSelect(true)
#9 /Users/daophuong/Documents/Vlance/vlance_cuongphat/vendor/laravel/framework/src/Illuminate/Database/Connection.php(705): Illuminate\\Database\\Connection->Illuminate\\Database\\{closure}('select * from `...', Array)
#10 /Users/daophuong/Documents/Vlance/vlance_cuongphat/vendor/laravel/framework/src/Illuminate/Database/Connection.php(672): Illuminate\\Database\\Connection->runQueryCallback('select * from `...', Array, Object(Closure))
#11 /Users/daophuong/Documents/Vlance/vlance_cuongphat/vendor/laravel/framework/src/Illuminate/Database/Connection.php(376): Illuminate\\Database\\Connection->run('select * from `...', Array, Object(Closure))
#12 /Users/daophuong/Documents/Vlance/vlance_cuongphat/vendor/laravel/framework/src/Illuminate/Database/Query/Builder.php(2414): Illuminate\\Database\\Connection->select('select * from `...', Array, true)
#13 /Users/daophuong/Documents/Vlance/vlance_cuongphat/vendor/laravel/framework/src/Illuminate/Database/Query/Builder.php(2402): Illuminate\\Database\\Query\\Builder->runSelect()
#14 /Users/daophuong/Documents/Vlance/vlance_cuongphat/vendor/laravel/framework/src/Illuminate/Database/Query/Builder.php(2936): Illuminate\\Database\\Query\\Builder->Illuminate\\Database\\Query\\{closure}()
#15 /Users/daophuong/Documents/Vlance/vlance_cuongphat/vendor/laravel/framework/src/Illuminate/Database/Query/Builder.php(2403): Illuminate\\Database\\Query\\Builder->onceWithColumns(Array, Object(Closure))
#16 /Users/daophuong/Documents/Vlance/vlance_cuongphat/vendor/laravel/framework/src/Illuminate/Database/Eloquent/Builder.php(625): Illuminate\\Database\\Query\\Builder->get(Array)
#17 /Users/daophuong/Documents/Vlance/vlance_cuongphat/vendor/laravel/framework/src/Illuminate/Database/Eloquent/Builder.php(609): Illuminate\\Database\\Eloquent\\Builder->getModels(Array)
#18 /Users/daophuong/Documents/Vlance/vlance_cuongphat/app/Helpers/Helpers.php(999): Illuminate\\Database\\Eloquent\\Builder->get()
#19 /Users/daophuong/Documents/Vlance/vlance_cuongphat/app/Providers/AppServiceProvider.php(20): app_config()
#20 /Users/daophuong/Documents/Vlance/vlance_cuongphat/vendor/laravel/framework/src/Illuminate/Container/BoundMethod.php(36): App\\Providers\\AppServiceProvider->boot()
#21 /Users/daophuong/Documents/Vlance/vlance_cuongphat/vendor/laravel/framework/src/Illuminate/Container/Util.php(40): Illuminate\\Container\\BoundMethod::Illuminate\\Container\\{closure}()
#22 /Users/daophuong/Documents/Vlance/vlance_cuongphat/vendor/laravel/framework/src/Illuminate/Container/BoundMethod.php(93): Illuminate\\Container\\Util::unwrapIfClosure(Object(Closure))
#23 /Users/daophuong/Documents/Vlance/vlance_cuongphat/vendor/laravel/framework/src/Illuminate/Container/BoundMethod.php(37): Illuminate\\Container\\BoundMethod::callBoundMethod(Object(Illuminate\\Foundation\\Application), Array, Object(Closure))
#24 /Users/daophuong/Documents/Vlance/vlance_cuongphat/vendor/laravel/framework/src/Illuminate/Container/Container.php(653): Illuminate\\Container\\BoundMethod::call(Object(Illuminate\\Foundation\\Application), Array, Array, NULL)
#25 /Users/daophuong/Documents/Vlance/vlance_cuongphat/vendor/laravel/framework/src/Illuminate/Foundation/Application.php(924): Illuminate\\Container\\Container->call(Array)
#26 /Users/daophuong/Documents/Vlance/vlance_cuongphat/vendor/laravel/framework/src/Illuminate/Foundation/Application.php(905): Illuminate\\Foundation\\Application->bootProvider(Object(App\\Providers\\AppServiceProvider))
#27 [internal function]: Illuminate\\Foundation\\Application->Illuminate\\Foundation\\{closure}(Object(App\\Providers\\AppServiceProvider), 37)
#28 /Users/daophuong/Documents/Vlance/vlance_cuongphat/vendor/laravel/framework/src/Illuminate/Foundation/Application.php(906): array_walk(Array, Object(Closure))
#29 /Users/daophuong/Documents/Vlance/vlance_cuongphat/vendor/laravel/framework/src/Illuminate/Foundation/Bootstrap/BootProviders.php(17): Illuminate\\Foundation\\Application->boot()
#30 /Users/daophuong/Documents/Vlance/vlance_cuongphat/vendor/laravel/framework/src/Illuminate/Foundation/Application.php(237): Illuminate\\Foundation\\Bootstrap\\BootProviders->bootstrap(Object(Illuminate\\Foundation\\Application))
#31 /Users/daophuong/Documents/Vlance/vlance_cuongphat/vendor/laravel/framework/src/Illuminate/Foundation/Http/Kernel.php(153): Illuminate\\Foundation\\Application->bootstrapWith(Array)
#32 /Users/daophuong/Documents/Vlance/vlance_cuongphat/vendor/laravel/framework/src/Illuminate/Foundation/Http/Kernel.php(137): Illuminate\\Foundation\\Http\\Kernel->bootstrap()
#33 /Users/daophuong/Documents/Vlance/vlance_cuongphat/vendor/laravel/framework/src/Illuminate/Foundation/Http/Kernel.php(111): Illuminate\\Foundation\\Http\\Kernel->sendRequestThroughRouter(Object(Illuminate\\Http\\Request))
#34 /Users/daophuong/Documents/Vlance/vlance_cuongphat/public/index.php(56): Illuminate\\Foundation\\Http\\Kernel->handle(Object(Illuminate\\Http\\Request))
#35 /Users/daophuong/Documents/Vlance/vlance_cuongphat/server.php(21): require_once('/Users/daophuon...')
#36 {main}
"} 
